operacion;estado;t_ini;t_fin;puerto_maquina;busqueda;tipo_busqueda;cant_resultados;tamano_respuesta_bytes;edad;ranking;database
conection_to_master;success;2025-05-10 20:35:59.083098;2025-05-10 20:35:59.123605;8001;;;;;;;
mandar_resultados_a_master;success;2025-05-10 20:37:30.339954;2025-05-10 20:37:30.372956;8001;busqueda test;titulo;0;56;32;;
busqueda en db;success;2025-05-10 20:38:05.787720;2025-05-10 20:38:05.787720;8001;blockchain del amor test;titulo;;;21;4.739;aventura
busqueda en db;success;2025-05-10 20:38:05.788737;2025-05-10 20:38:05.788737;8001;blockchain del amor test;titulo;;;21;4.739;aventura
busqueda en db;success;2025-05-10 20:38:05.793747;2025-05-10 20:38:05.793747;8001;blockchain del amor test;titulo;;;21;4.739;aventura
busqueda en db;success;2025-05-10 20:38:05.794755;2025-05-10 20:38:05.794755;8001;blockchain del amor test;titulo;;;21;4.739;aventura
busqueda en db;success;2025-05-10 20:38:05.794755;2025-05-10 20:38:05.794755;8001;blockchain del amor test;titulo;;;21;4.765;aventura
mandar_resultados_a_master;success;2025-05-10 20:38:05.787720;2025-05-10 20:38:05.796773;8001;blockchain del amor test;titulo;5;88;21;;
busqueda en db;success;2025-05-10 20:38:51.656338;2025-05-10 20:38:51.656338;8001;cronicas de sombras y runas del mar;titulo;;;23;4.739;aventura
busqueda en db;success;2025-05-10 20:38:51.656338;2025-05-10 20:38:51.656338;8001;cronicas de sombras y runas del mar;titulo;;;23;4.739;aventura
busqueda en db;success;2025-05-10 20:38:51.657336;2025-05-10 20:38:51.657336;8001;cronicas de sombras y runas del mar;titulo;;;23;4.739;aventura
busqueda en db;success;2025-05-10 20:38:51.657336;2025-05-10 20:38:51.658334;8001;cronicas de sombras y runas del mar;titulo;;;23;4.739;aventura
busqueda en db;success;2025-05-10 20:38:51.658334;2025-05-10 20:38:51.658334;8001;cronicas de sombras y runas del mar;titulo;;;23;4.765;aventura
mandar_resultados_a_master;success;2025-05-10 20:38:51.655325;2025-05-10 20:38:51.659960;8001;cronicas de sombras y runas del mar;titulo;5;88;23;;
mandar_resultados_a_master;success;2025-05-10 20:39:14.553644;2025-05-10 20:39:14.554652;8001;arqueologia muestras estelares ;titulo;0;56;32;;
busqueda en db;success;2025-05-10 20:40:35.223697;2025-05-10 20:40:35.223697;8001;aventura;tipo_doc;;;35;16.951;aventura
busqueda en db;success;2025-05-10 20:40:35.225119;2025-05-10 20:40:35.225119;8001;aventura;tipo_doc;;;35;15.477;aventura
busqueda en db;success;2025-05-10 20:40:35.225119;2025-05-10 20:40:35.225119;8001;aventura;tipo_doc;;;35;15.846;aventura
busqueda en db;success;2025-05-10 20:40:35.225704;2025-05-10 20:40:35.225704;8001;aventura;tipo_doc;;;35;16.583;aventura
busqueda en db;success;2025-05-10 20:40:35.225704;2025-05-10 20:40:35.225704;8001;aventura;tipo_doc;;;35;16.278;aventura
busqueda en db;success;2025-05-10 20:40:35.226704;2025-05-10 20:40:35.226704;8001;aventura;tipo_doc;;;35;17.688;aventura
busqueda en db;success;2025-05-10 20:40:35.226704;2025-05-10 20:40:35.226704;8001;aventura;tipo_doc;;;35;15.109;aventura
busqueda en db;success;2025-05-10 20:40:35.227705;2025-05-10 20:40:35.227705;8001;aventura;tipo_doc;;;35;14.74;aventura
busqueda en db;success;2025-05-10 20:40:35.228721;2025-05-10 20:40:35.228721;8001;aventura;tipo_doc;;;35;15.846;aventura
busqueda en db;success;2025-05-10 20:40:35.228721;2025-05-10 20:40:35.228721;8001;aventura;tipo_doc;;;35;17.32;aventura
mandar_resultados_a_master;success;2025-05-10 20:40:35.223697;2025-05-10 20:40:35.229704;8001;aventura;tipo_doc;10;88;35;;
busqueda en db;success;2025-05-10 20:40:35.627634;2025-05-10 20:40:35.628637;8001;autoayuda;tipo_doc;;;35;21.038;autoayuda
busqueda en db;success;2025-05-10 20:40:35.628637;2025-05-10 20:40:35.628637;8001;autoayuda;tipo_doc;;;35;20.103;autoayuda
busqueda en db;success;2025-05-10 20:40:35.629638;2025-05-10 20:40:35.629638;8001;autoayuda;tipo_doc;;;35;21.505;autoayuda
busqueda en db;success;2025-05-10 20:40:35.629638;2025-05-10 20:40:35.629638;8001;autoayuda;tipo_doc;;;35;19.635;autoayuda
busqueda en db;success;2025-05-10 20:40:35.630636;2025-05-10 20:40:35.630636;8001;autoayuda;tipo_doc;;;35;18.7;autoayuda
busqueda en db;success;2025-05-10 20:40:35.630636;2025-05-10 20:40:35.630636;8001;autoayuda;tipo_doc;;;35;20.57;autoayuda
mandar_resultados_a_master;success;2025-05-10 20:40:35.627634;2025-05-10 20:40:35.631636;8001;autoayuda;tipo_doc;6;88;35;;
disconect_from_master;success;2025-05-10 20:40:41.451535;2025-05-10 20:40:41.457944;8001;;;;;;;
conection_to_master;success;2025-05-10 20:35:36.450585;2025-05-10 20:35:36.508614;8000;;;;;;;
mandar_resultados_a_master;success;2025-05-10 20:37:29.928581;2025-05-10 20:37:29.928581;8000;busqueda test;titulo;0;56;32;;
busqueda en db;success;2025-05-10 20:38:05.391307;2025-05-10 20:38:05.391307;8000;blockchain del amor test;titulo;;;21;5.3;tecnologia
busqueda en db;success;2025-05-10 20:38:05.391307;2025-05-10 20:38:05.391307;8000;blockchain del amor test;titulo;;;21;5.289;tecnologia
mandar_resultados_a_master;success;2025-05-10 20:38:05.390307;2025-05-10 20:38:05.393821;8000;blockchain del amor test;titulo;2;88;21;;
busqueda en db;success;2025-05-10 20:38:51.254017;2025-05-10 20:38:51.254017;8000;cronicas de sombras y runas del mar;titulo;;;23;5.289;tecnologia
mandar_resultados_a_master;success;2025-05-10 20:38:51.252898;2025-05-10 20:38:51.255214;8000;cronicas de sombras y runas del mar;titulo;1;88;23;;
mandar_resultados_a_master;success;2025-05-10 20:39:14.115426;2025-05-10 20:39:14.116427;8000;arqueologia muestras estelares ;titulo;0;56;32;;
busqueda en db;success;2025-05-10 20:40:34.817473;2025-05-10 20:40:34.817473;8000;tecnologia;tipo_doc;;;35;19.8;tecnologia
busqueda en db;success;2025-05-10 20:40:34.818475;2025-05-10 20:40:34.818475;8000;tecnologia;tipo_doc;;;35;18.48;tecnologia
busqueda en db;success;2025-05-10 20:40:34.819468;2025-05-10 20:40:34.819468;8000;tecnologia;tipo_doc;;;35;21.12;tecnologia
busqueda en db;success;2025-05-10 20:40:34.819468;2025-05-10 20:40:34.819468;8000;tecnologia;tipo_doc;;;35;20.24;tecnologia
busqueda en db;success;2025-05-10 20:40:34.820476;2025-05-10 20:40:34.820476;8000;tecnologia;tipo_doc;;;35;19.36;tecnologia
busqueda en db;success;2025-05-10 20:40:34.820476;2025-05-10 20:40:34.820476;8000;tecnologia;tipo_doc;;;35;18.04;tecnologia
busqueda en db;success;2025-05-10 20:40:34.821467;2025-05-10 20:40:34.821467;8000;tecnologia;tipo_doc;;;35;18.92;tecnologia
busqueda en db;success;2025-05-10 20:40:34.821467;2025-05-10 20:40:34.821467;8000;tecnologia;tipo_doc;;;35;17.16;tecnologia
busqueda en db;success;2025-05-10 20:40:34.821467;2025-05-10 20:40:34.822974;8000;tecnologia;tipo_doc;;;35;17.6;tecnologia
busqueda en db;success;2025-05-10 20:40:34.822974;2025-05-10 20:40:34.822974;8000;tecnologia;tipo_doc;;;35;16.28;tecnologia
mandar_resultados_a_master;success;2025-05-10 20:40:34.817473;2025-05-10 20:40:34.823984;8000;tecnologia;tipo_doc;10;88;35;;
disconect_from_master;success;2025-05-10 20:40:48.251375;2025-05-10 20:40:48.257722;8000;;;;;;;
conection_to_master;success;2025-05-10 20:36:37.983779;2025-05-10 20:36:38.018696;8002;;;;;;;
mandar_resultados_a_master;success;2025-05-10 20:37:30.810908;2025-05-10 20:37:30.841041;8002;busqueda test;titulo;0;56;32;;
busqueda en db;success;2025-05-10 20:38:06.205043;2025-05-10 20:38:06.205043;8002;blockchain del amor test;titulo;;;21;5.025;ciencia_ficcion
mandar_resultados_a_master;success;2025-05-10 20:38:06.205043;2025-05-10 20:38:06.206052;8002;blockchain del amor test;titulo;1;88;21;;
busqueda en db;success;2025-05-10 20:38:52.071982;2025-05-10 20:38:52.071982;8002;cronicas de sombras y runas del mar;titulo;;;23;5.025;ciencia_ficcion
mandar_resultados_a_master;success;2025-05-10 20:38:52.069982;2025-05-10 20:38:52.073488;8002;cronicas de sombras y runas del mar;titulo;1;88;23;;
mandar_resultados_a_master;success;2025-05-10 20:39:14.966688;2025-05-10 20:39:14.968693;8002;arqueologia muestras estelares ;titulo;0;56;32;;
disconect_from_master;success;2025-05-10 20:40:46.390792;2025-05-10 20:40:46.395815;8002;;;;;;;
conection_to_master;success;2025-05-10 20:37:15.472028;2025-05-10 20:37:15.507914;8003;;;;;;;
mandar_resultados_a_master;success;2025-05-10 20:37:31.273807;2025-05-10 20:37:31.307687;8003;busqueda test;titulo;0;56;32;;
busqueda en db;success;2025-05-10 20:37:44.539797;2025-05-10 20:37:44.539797;8003;fantasia;tipo_doc;;;43;16.803;fantasia
busqueda en db;success;2025-05-10 20:37:44.541367;2025-05-10 20:37:44.541436;8003;fantasia;tipo_doc;;;43;16.088;fantasia
busqueda en db;success;2025-05-10 20:37:44.546104;2025-05-10 20:37:44.546104;8003;fantasia;tipo_doc;;;43;15.015;fantasia
busqueda en db;success;2025-05-10 20:37:44.547106;2025-05-10 20:37:44.547106;8003;fantasia;tipo_doc;;;43;13.943;fantasia
busqueda en db;success;2025-05-10 20:37:44.547106;2025-05-10 20:37:44.547106;8003;fantasia;tipo_doc;;;43;15.73;fantasia
busqueda en db;success;2025-05-10 20:37:44.548108;2025-05-10 20:37:44.548108;8003;fantasia;tipo_doc;;;43;17.16;fantasia
busqueda en db;success;2025-05-10 20:37:44.548108;2025-05-10 20:37:44.548108;8003;fantasia;tipo_doc;;;43;14.657;fantasia
busqueda en db;success;2025-05-10 20:37:44.549114;2025-05-10 20:37:44.549114;8003;fantasia;tipo_doc;;;43;13.585;fantasia
busqueda en db;success;2025-05-10 20:37:44.549114;2025-05-10 20:37:44.549114;8003;fantasia;tipo_doc;;;43;15.373;fantasia
busqueda en db;success;2025-05-10 20:37:44.549114;2025-05-10 20:37:44.550106;8003;fantasia;tipo_doc;;;43;12.87;fantasia
mandar_resultados_a_master;success;2025-05-10 20:37:44.539797;2025-05-10 20:37:44.550106;8003;fantasia;tipo_doc;10;88;43;;
busqueda en db;success;2025-05-10 20:38:06.624906;2025-05-10 20:38:06.624906;8003;blockchain del amor test;titulo;;;21;5.3;misterio
busqueda en db;success;2025-05-10 20:38:06.624906;2025-05-10 20:38:06.624906;8003;blockchain del amor test;titulo;;;21;5.315;misterio
busqueda en db;success;2025-05-10 20:38:06.625914;2025-05-10 20:38:06.625914;8003;blockchain del amor test;titulo;;;21;5.338;misterio
busqueda en db;success;2025-05-10 20:38:06.625914;2025-05-10 20:38:06.625914;8003;blockchain del amor test;titulo;;;21;5.315;misterio
busqueda en db;success;2025-05-10 20:38:06.626918;2025-05-10 20:38:06.626918;8003;blockchain del amor test;titulo;;;21;5.3;misterio
busqueda en db;success;2025-05-10 20:38:06.627917;2025-05-10 20:38:06.627917;8003;blockchain del amor test;titulo;;;21;5.465;fantasia
busqueda en db;success;2025-05-10 20:38:06.627917;2025-05-10 20:38:06.627917;8003;blockchain del amor test;titulo;;;21;5.465;fantasia
busqueda en db;success;2025-05-10 20:38:06.628915;2025-05-10 20:38:06.628915;8003;blockchain del amor test;titulo;;;21;5.465;fantasia
busqueda en db;success;2025-05-10 20:38:06.628915;2025-05-10 20:38:06.628915;8003;blockchain del amor test;titulo;;;21;5.465;fantasia
busqueda en db;success;2025-05-10 20:38:06.628915;2025-05-10 20:38:06.628915;8003;blockchain del amor test;titulo;;;21;5.48;fantasia
mandar_resultados_a_master;success;2025-05-10 20:38:06.624574;2025-05-10 20:38:06.629915;8003;blockchain del amor test;titulo;10;88;21;;
busqueda en db;success;2025-05-10 20:38:52.503785;2025-05-10 20:38:52.503785;8003;cronicas de sombras y runas del mar;titulo;;;23;5.3;misterio
busqueda en db;success;2025-05-10 20:38:52.505074;2025-05-10 20:38:52.505074;8003;cronicas de sombras y runas del mar;titulo;;;23;5.315;misterio
busqueda en db;success;2025-05-10 20:38:52.505074;2025-05-10 20:38:52.505074;8003;cronicas de sombras y runas del mar;titulo;;;23;5.338;misterio
busqueda en db;success;2025-05-10 20:38:52.505806;2025-05-10 20:38:52.505806;8003;cronicas de sombras y runas del mar;titulo;;;23;5.315;misterio
busqueda en db;success;2025-05-10 20:38:52.505806;2025-05-10 20:38:52.506794;8003;cronicas de sombras y runas del mar;titulo;;;23;5.375;misterio
busqueda en db;success;2025-05-10 20:38:52.506794;2025-05-10 20:38:52.507815;8003;cronicas de sombras y runas del mar;titulo;;;23;5.465;fantasia
busqueda en db;success;2025-05-10 20:38:52.507815;2025-05-10 20:38:52.507815;8003;cronicas de sombras y runas del mar;titulo;;;23;5.465;fantasia
busqueda en db;success;2025-05-10 20:38:52.507815;2025-05-10 20:38:52.508794;8003;cronicas de sombras y runas del mar;titulo;;;23;5.465;fantasia
busqueda en db;success;2025-05-10 20:38:52.508794;2025-05-10 20:38:52.508794;8003;cronicas de sombras y runas del mar;titulo;;;23;5.54;fantasia
busqueda en db;success;2025-05-10 20:38:52.508794;2025-05-10 20:38:52.508794;8003;cronicas de sombras y runas del mar;titulo;;;23;5.465;fantasia
busqueda en db;success;2025-05-10 20:38:52.508794;2025-05-10 20:38:52.508794;8003;cronicas de sombras y runas del mar;titulo;;;23;5.57;fantasia
busqueda en db;success;2025-05-10 20:38:52.510308;2025-05-10 20:38:52.510308;8003;cronicas de sombras y runas del mar;titulo;;;23;5.48;fantasia
mandar_resultados_a_master;success;2025-05-10 20:38:52.503785;2025-05-10 20:38:52.511319;8003;cronicas de sombras y runas del mar;titulo;12;88;23;;
mandar_resultados_a_master;success;2025-05-10 20:39:15.379216;2025-05-10 20:39:15.381158;8003;arqueologia muestras estelares ;titulo;0;56;32;;
busqueda en db;success;2025-05-10 20:40:09.258574;2025-05-10 20:40:09.258574;8003;misterio;tipo_doc;;;32;20.24;misterio
busqueda en db;success;2025-05-10 20:40:09.258574;2025-05-10 20:40:09.259532;8003;misterio;tipo_doc;;;32;21.12;misterio
busqueda en db;success;2025-05-10 20:40:09.259532;2025-05-10 20:40:09.259532;8003;misterio;tipo_doc;;;32;20.68;misterio
busqueda en db;success;2025-05-10 20:40:09.259532;2025-05-10 20:40:09.260533;8003;misterio;tipo_doc;;;32;19.8;misterio
busqueda en db;success;2025-05-10 20:40:09.260533;2025-05-10 20:40:09.260533;8003;misterio;tipo_doc;;;32;18.92;misterio
busqueda en db;success;2025-05-10 20:40:09.260533;2025-05-10 20:40:09.260533;8003;misterio;tipo_doc;;;32;19.36;misterio
busqueda en db;success;2025-05-10 20:40:09.261532;2025-05-10 20:40:09.261532;8003;misterio;tipo_doc;;;32;18.48;misterio
busqueda en db;success;2025-05-10 20:40:09.261532;2025-05-10 20:40:09.261532;8003;misterio;tipo_doc;;;32;18.04;misterio
busqueda en db;success;2025-05-10 20:40:09.261532;2025-05-10 20:40:09.261532;8003;misterio;tipo_doc;;;32;20.68;misterio
busqueda en db;success;2025-05-10 20:40:09.263039;2025-05-10 20:40:09.263039;8003;misterio;tipo_doc;;;32;19.8;misterio
mandar_resultados_a_master;success;2025-05-10 20:40:09.258574;2025-05-10 20:40:09.263561;8003;misterio;tipo_doc;10;88;32;;
busqueda en db;success;2025-05-10 20:40:36.053977;2025-05-10 20:40:36.053977;8003;fantasia;tipo_doc;;;35;16.803;fantasia
busqueda en db;success;2025-05-10 20:40:36.053977;2025-05-10 20:40:36.053977;8003;fantasia;tipo_doc;;;35;16.088;fantasia
busqueda en db;success;2025-05-10 20:40:36.054987;2025-05-10 20:40:36.054987;8003;fantasia;tipo_doc;;;35;15.015;fantasia
busqueda en db;success;2025-05-10 20:40:36.054987;2025-05-10 20:40:36.054987;8003;fantasia;tipo_doc;;;35;13.943;fantasia
busqueda en db;success;2025-05-10 20:40:36.054987;2025-05-10 20:40:36.054987;8003;fantasia;tipo_doc;;;35;15.73;fantasia
busqueda en db;success;2025-05-10 20:40:36.055985;2025-05-10 20:40:36.055985;8003;fantasia;tipo_doc;;;35;17.16;fantasia
busqueda en db;success;2025-05-10 20:40:36.056992;2025-05-10 20:40:36.056992;8003;fantasia;tipo_doc;;;35;14.657;fantasia
busqueda en db;success;2025-05-10 20:40:36.056992;2025-05-10 20:40:36.056992;8003;fantasia;tipo_doc;;;35;13.585;fantasia
busqueda en db;success;2025-05-10 20:40:36.057989;2025-05-10 20:40:36.057989;8003;fantasia;tipo_doc;;;35;15.373;fantasia
busqueda en db;success;2025-05-10 20:40:36.057989;2025-05-10 20:40:36.057989;8003;fantasia;tipo_doc;;;35;12.87;fantasia
mandar_resultados_a_master;success;2025-05-10 20:40:36.053471;2025-05-10 20:40:36.058989;8003;fantasia;tipo_doc;10;88;35;;
disconect_from_master;success;2025-05-10 20:40:44.090461;2025-05-10 20:40:44.096724;8003;;;;;;;
conection_to_master;success;2025-05-11 17:25:21.598348;2025-05-11 17:25:21.667932;8004;;;;;;;
mandar_resultados_a_master;success;2025-05-11 17:26:27.783747;2025-05-11 17:26:27.816668;8004;busqueda test;titulo;0;56;23;;
mandar_resultados_a_master;success;2025-05-11 17:27:31.716170;2025-05-11 17:27:31.717249;8004;trasnformaciones interestelasres del viento como enigma;titulo;0;56;32;;
busqueda en db;success;2025-05-11 17:28:30.811837;2025-05-11 17:28:30.811837;8004;blockchain entre cartas del legado cultural de nikola tesla;titulo;;;43;3.65;fantasia
busqueda en db;success;2025-05-11 17:28:30.812832;2025-05-11 17:28:30.812832;8004;blockchain entre cartas del legado cultural de nikola tesla;titulo;;;43;3.65;fantasia
busqueda en db;success;2025-05-11 17:28:30.813835;2025-05-11 17:28:30.813835;8004;blockchain entre cartas del legado cultural de nikola tesla;titulo;;;43;3.835;historia
mandar_resultados_a_master;success;2025-05-11 17:28:30.811837;2025-05-11 17:28:30.814833;8004;blockchain entre cartas del legado cultural de nikola tesla;titulo;3;88;43;;
mandar_resultados_a_master;success;2025-05-11 17:30:12.842049;2025-05-11 17:30:12.844044;8004;redescubre tu proposito;titulo;0;56;57;;
disconect_from_master;success;2025-05-11 17:31:02.970638;2025-05-11 17:31:02.975650;8004;;;;;;;
conection_to_master;success;2025-05-11 17:25:37.722068;2025-05-11 17:25:37.763954;8005;;;;;;;
mandar_resultados_a_master;success;2025-05-11 17:26:28.258001;2025-05-11 17:26:28.278889;8005;busqueda test;titulo;0;56;23;;
busqueda en db;success;2025-05-11 17:27:32.123158;2025-05-11 17:27:32.123158;8005;trasnformaciones interestelasres del viento como enigma;titulo;;;32;4.49;misterio
mandar_resultados_a_master;success;2025-05-11 17:27:32.123158;2025-05-11 17:27:32.124096;8005;trasnformaciones interestelasres del viento como enigma;titulo;1;88;32;;
busqueda en db;success;2025-05-11 17:28:31.222089;2025-05-11 17:28:31.222089;8005;blockchain entre cartas del legado cultural de nikola tesla;titulo;;;43;4.49;misterio
mandar_resultados_a_master;success;2025-05-11 17:28:31.221155;2025-05-11 17:28:31.222089;8005;blockchain entre cartas del legado cultural de nikola tesla;titulo;1;88;43;;
mandar_resultados_a_master;success;2025-05-11 17:30:13.248665;2025-05-11 17:30:13.249678;8005;redescubre tu proposito;titulo;0;56;57;;
disconect_from_master;success;2025-05-11 17:31:05.789873;2025-05-11 17:31:05.794862;8005;;;;;;;
conection_to_master;success;2025-05-11 17:25:55.048273;2025-05-11 17:25:55.081100;8006;;;;;;;
mandar_resultados_a_master;success;2025-05-11 17:26:28.682301;2025-05-11 17:26:28.704806;8006;busqueda test;titulo;0;56;23;;
busqueda en db;success;2025-05-11 17:27:32.525051;2025-05-11 17:27:32.525051;8006;trasnformaciones interestelasres del viento como enigma;titulo;;;32;3.39;poesia
mandar_resultados_a_master;success;2025-05-11 17:27:32.525051;2025-05-11 17:27:32.526562;8006;trasnformaciones interestelasres del viento como enigma;titulo;1;88;32;;
busqueda en db;success;2025-05-11 17:28:31.605619;2025-05-11 17:28:31.605619;8006;blockchain entre cartas del legado cultural de nikola tesla;titulo;;;43;3.39;poesia
busqueda en db;success;2025-05-11 17:28:31.606554;2025-05-11 17:28:31.606554;8006;blockchain entre cartas del legado cultural de nikola tesla;titulo;;;43;3.39;poesia
mandar_resultados_a_master;success;2025-05-11 17:28:31.605619;2025-05-11 17:28:31.606554;8006;blockchain entre cartas del legado cultural de nikola tesla;titulo;2;88;43;;
busqueda en db;success;2025-05-11 17:29:16.406459;2025-05-11 17:29:16.406459;8006;poesia;tipo_doc;;;32;14.85;poesia
busqueda en db;success;2025-05-11 17:29:16.406459;2025-05-11 17:29:16.406459;8006;poesia;tipo_doc;;;32;15.18;poesia
busqueda en db;success;2025-05-11 17:29:16.406459;2025-05-11 17:29:16.406459;8006;poesia;tipo_doc;;;32;15.51;poesia
busqueda en db;success;2025-05-11 17:29:16.407966;2025-05-11 17:29:16.407966;8006;poesia;tipo_doc;;;32;14.19;poesia
busqueda en db;success;2025-05-11 17:29:16.407966;2025-05-11 17:29:16.407966;8006;poesia;tipo_doc;;;32;14.52;poesia
busqueda en db;success;2025-05-11 17:29:16.408973;2025-05-11 17:29:16.408973;8006;poesia;tipo_doc;;;32;15.84;poesia
busqueda en db;success;2025-05-11 17:29:16.409480;2025-05-11 17:29:16.409480;8006;poesia;tipo_doc;;;32;13.86;poesia
busqueda en db;success;2025-05-11 17:29:16.410351;2025-05-11 17:29:16.410351;8006;poesia;tipo_doc;;;32;13.53;poesia
busqueda en db;success;2025-05-11 17:29:16.410488;2025-05-11 17:29:16.410488;8006;poesia;tipo_doc;;;32;15.18;poesia
busqueda en db;success;2025-05-11 17:29:16.410488;2025-05-11 17:29:16.410488;8006;poesia;tipo_doc;;;32;14.19;poesia
mandar_resultados_a_master;success;2025-05-11 17:29:16.405505;2025-05-11 17:29:16.411488;8006;poesia;tipo_doc;10;88;32;;
mandar_resultados_a_master;success;2025-05-11 17:30:13.659943;2025-05-11 17:30:13.660951;8006;redescubre tu proposito;titulo;0;56;57;;
disconect_from_master;success;2025-05-11 17:31:02.551259;2025-05-11 17:31:02.557841;8006;;;;;;;
conection_to_master;success;2025-05-11 17:26:12.528988;2025-05-11 17:26:12.562025;8007;;;;;;;
mandar_resultados_a_master;success;2025-05-11 17:26:29.093031;2025-05-11 17:26:29.115757;8007;busqueda test;titulo;0;56;23;;
mandar_resultados_a_master;success;2025-05-11 17:27:32.929663;2025-05-11 17:27:32.930646;8007;trasnformaciones interestelasres del viento como enigma;titulo;0;56;32;;
busqueda en db;success;2025-05-11 17:28:32.008027;2025-05-11 17:28:32.008542;8007;blockchain entre cartas del legado cultural de nikola tesla;titulo;;;43;4.275;romance
busqueda en db;success;2025-05-11 17:28:32.013345;2025-05-11 17:28:32.013345;8007;blockchain entre cartas del legado cultural de nikola tesla;titulo;;;43;4.2;romance
busqueda en db;success;2025-05-11 17:28:32.014419;2025-05-11 17:28:32.014419;8007;blockchain entre cartas del legado cultural de nikola tesla;titulo;;;43;4.254;romance
busqueda en db;success;2025-05-11 17:28:32.015364;2025-05-11 17:28:32.015364;8007;blockchain entre cartas del legado cultural de nikola tesla;titulo;;;43;4.475;tecnologia
mandar_resultados_a_master;success;2025-05-11 17:28:32.008027;2025-05-11 17:28:32.015364;8007;blockchain entre cartas del legado cultural de nikola tesla;titulo;4;88;43;;
busqueda en db;success;2025-05-11 17:28:50.970709;2025-05-11 17:28:50.970709;8007;romance;tipo_doc;;;53;19.387;romance
busqueda en db;success;2025-05-11 17:28:50.971706;2025-05-11 17:28:50.972214;8007;romance;tipo_doc;;;53;18.975;romance
busqueda en db;success;2025-05-11 17:28:50.972214;2025-05-11 17:28:50.972214;8007;romance;tipo_doc;;;53;17.738;romance
busqueda en db;success;2025-05-11 17:28:50.972214;2025-05-11 17:28:50.972214;8007;romance;tipo_doc;;;53;18.562;romance
busqueda en db;success;2025-05-11 17:28:50.973221;2025-05-11 17:28:50.973221;8007;romance;tipo_doc;;;53;18.15;romance
busqueda en db;success;2025-05-11 17:28:50.973221;2025-05-11 17:28:50.973221;8007;romance;tipo_doc;;;53;19.8;romance
busqueda en db;success;2025-05-11 17:28:50.974222;2025-05-11 17:28:50.974222;8007;romance;tipo_doc;;;53;17.325;romance
busqueda en db;success;2025-05-11 17:28:50.974222;2025-05-11 17:28:50.974222;8007;romance;tipo_doc;;;53;16.5;romance
busqueda en db;success;2025-05-11 17:28:50.975222;2025-05-11 17:28:50.975222;8007;romance;tipo_doc;;;53;16.912;romance
busqueda en db;success;2025-05-11 17:28:50.975222;2025-05-11 17:28:50.975222;8007;romance;tipo_doc;;;53;17.738;romance
mandar_resultados_a_master;success;2025-05-11 17:28:50.970709;2025-05-11 17:28:50.976222;8007;romance;tipo_doc;10;88;53;;
busqueda en db;success;2025-05-11 17:28:51.362679;2025-05-11 17:28:51.362679;8007;tecnologia;tipo_doc;;;53;19.8;tecnologia
busqueda en db;success;2025-05-11 17:28:51.362679;2025-05-11 17:28:51.362679;8007;tecnologia;tipo_doc;;;53;18.48;tecnologia
busqueda en db;success;2025-05-11 17:28:51.363624;2025-05-11 17:28:51.363624;8007;tecnologia;tipo_doc;;;53;21.12;tecnologia
busqueda en db;success;2025-05-11 17:28:51.363624;2025-05-11 17:28:51.363624;8007;tecnologia;tipo_doc;;;53;20.24;tecnologia
busqueda en db;success;2025-05-11 17:28:51.364625;2025-05-11 17:28:51.364625;8007;tecnologia;tipo_doc;;;53;19.36;tecnologia
busqueda en db;success;2025-05-11 17:28:51.364625;2025-05-11 17:28:51.364625;8007;tecnologia;tipo_doc;;;53;18.04;tecnologia
busqueda en db;success;2025-05-11 17:28:51.365630;2025-05-11 17:28:51.365630;8007;tecnologia;tipo_doc;;;53;18.92;tecnologia
busqueda en db;success;2025-05-11 17:28:51.365630;2025-05-11 17:28:51.365630;8007;tecnologia;tipo_doc;;;53;17.16;tecnologia
busqueda en db;success;2025-05-11 17:28:51.366623;2025-05-11 17:28:51.366623;8007;tecnologia;tipo_doc;;;53;17.6;tecnologia
busqueda en db;success;2025-05-11 17:28:51.366623;2025-05-11 17:28:51.366623;8007;tecnologia;tipo_doc;;;53;16.28;tecnologia
mandar_resultados_a_master;success;2025-05-11 17:28:51.361690;2025-05-11 17:28:51.366623;8007;tecnologia;tipo_doc;10;88;53;;
busqueda en db;success;2025-05-11 17:29:16.819946;2025-05-11 17:29:16.819946;8007;romance;tipo_doc;;;32;19.387;romance
busqueda en db;success;2025-05-11 17:29:16.819946;2025-05-11 17:29:16.819946;8007;romance;tipo_doc;;;32;18.975;romance
busqueda en db;success;2025-05-11 17:29:16.820950;2025-05-11 17:29:16.820950;8007;romance;tipo_doc;;;32;17.738;romance
busqueda en db;success;2025-05-11 17:29:16.820950;2025-05-11 17:29:16.820950;8007;romance;tipo_doc;;;32;18.562;romance
busqueda en db;success;2025-05-11 17:29:16.821946;2025-05-11 17:29:16.821946;8007;romance;tipo_doc;;;32;18.15;romance
busqueda en db;success;2025-05-11 17:29:16.821946;2025-05-11 17:29:16.821946;8007;romance;tipo_doc;;;32;19.8;romance
busqueda en db;success;2025-05-11 17:29:16.821946;2025-05-11 17:29:16.822945;8007;romance;tipo_doc;;;32;17.325;romance
busqueda en db;success;2025-05-11 17:29:16.822945;2025-05-11 17:29:16.822945;8007;romance;tipo_doc;;;32;16.5;romance
busqueda en db;success;2025-05-11 17:29:16.823945;2025-05-11 17:29:16.823945;8007;romance;tipo_doc;;;32;16.912;romance
busqueda en db;success;2025-05-11 17:29:16.823945;2025-05-11 17:29:16.823945;8007;romance;tipo_doc;;;32;17.738;romance
mandar_resultados_a_master;success;2025-05-11 17:29:16.818937;2025-05-11 17:29:16.824945;8007;romance;tipo_doc;10;88;32;;
busqueda en db;success;2025-05-11 17:29:33.076246;2025-05-11 17:29:33.076246;8007;romance;tipo_doc;;;32;19.387;romance
busqueda en db;success;2025-05-11 17:29:33.076246;2025-05-11 17:29:33.076246;8007;romance;tipo_doc;;;32;18.975;romance
busqueda en db;success;2025-05-11 17:29:33.076246;2025-05-11 17:29:33.076246;8007;romance;tipo_doc;;;32;17.738;romance
busqueda en db;success;2025-05-11 17:29:33.076246;2025-05-11 17:29:33.077754;8007;romance;tipo_doc;;;32;18.562;romance
busqueda en db;success;2025-05-11 17:29:33.077754;2025-05-11 17:29:33.077754;8007;romance;tipo_doc;;;32;18.15;romance
busqueda en db;success;2025-05-11 17:29:33.078762;2025-05-11 17:29:33.078762;8007;romance;tipo_doc;;;32;19.8;romance
busqueda en db;success;2025-05-11 17:29:33.079269;2025-05-11 17:29:33.079269;8007;romance;tipo_doc;;;32;17.325;romance
busqueda en db;success;2025-05-11 17:29:33.079269;2025-05-11 17:29:33.079269;8007;romance;tipo_doc;;;32;16.5;romance
busqueda en db;success;2025-05-11 17:29:33.080275;2025-05-11 17:29:33.080275;8007;romance;tipo_doc;;;32;16.912;romance
busqueda en db;success;2025-05-11 17:29:33.080275;2025-05-11 17:29:33.080275;8007;romance;tipo_doc;;;32;17.738;romance
mandar_resultados_a_master;success;2025-05-11 17:29:33.075222;2025-05-11 17:29:33.081277;8007;romance;tipo_doc;10;88;32;;
busqueda en db;success;2025-05-11 17:29:33.491895;2025-05-11 17:29:33.491895;8007;tecnologia;tipo_doc;;;32;19.8;tecnologia
busqueda en db;success;2025-05-11 17:29:33.492895;2025-05-11 17:29:33.492895;8007;tecnologia;tipo_doc;;;32;18.48;tecnologia
busqueda en db;success;2025-05-11 17:29:33.492895;2025-05-11 17:29:33.492895;8007;tecnologia;tipo_doc;;;32;21.12;tecnologia
busqueda en db;success;2025-05-11 17:29:33.493894;2025-05-11 17:29:33.493894;8007;tecnologia;tipo_doc;;;32;20.24;tecnologia
busqueda en db;success;2025-05-11 17:29:33.493894;2025-05-11 17:29:33.493894;8007;tecnologia;tipo_doc;;;32;19.36;tecnologia
busqueda en db;success;2025-05-11 17:29:33.494896;2025-05-11 17:29:33.494896;8007;tecnologia;tipo_doc;;;32;18.04;tecnologia
busqueda en db;success;2025-05-11 17:29:33.494896;2025-05-11 17:29:33.494896;8007;tecnologia;tipo_doc;;;32;18.92;tecnologia
busqueda en db;success;2025-05-11 17:29:33.494896;2025-05-11 17:29:33.494896;8007;tecnologia;tipo_doc;;;32;17.16;tecnologia
busqueda en db;success;2025-05-11 17:29:33.495894;2025-05-11 17:29:33.495894;8007;tecnologia;tipo_doc;;;32;17.6;tecnologia
busqueda en db;success;2025-05-11 17:29:33.496893;2025-05-11 17:29:33.496893;8007;tecnologia;tipo_doc;;;32;16.28;tecnologia
mandar_resultados_a_master;success;2025-05-11 17:29:33.491895;2025-05-11 17:29:33.496893;8007;tecnologia;tipo_doc;10;88;32;;
disconect_from_master;success;2025-05-11 17:29:36.433670;2025-05-11 17:29:36.439714;8007;;;;;;;
conection_to_master;success;2025-05-11 17:29:40.043332;2025-05-11 17:29:40.076682;8007;;;;;;;
busqueda en db;success;2025-05-11 17:29:48.285565;2025-05-11 17:29:48.285565;8007;romance;tipo_doc;;;35;19.387;romance
busqueda en db;success;2025-05-11 17:29:48.285565;2025-05-11 17:29:48.286562;8007;romance;tipo_doc;;;35;18.975;romance
busqueda en db;success;2025-05-11 17:29:48.286562;2025-05-11 17:29:48.286562;8007;romance;tipo_doc;;;35;17.738;romance
busqueda en db;success;2025-05-11 17:29:48.286562;2025-05-11 17:29:48.286562;8007;romance;tipo_doc;;;35;18.562;romance
busqueda en db;success;2025-05-11 17:29:48.286562;2025-05-11 17:29:48.286562;8007;romance;tipo_doc;;;35;18.15;romance
busqueda en db;success;2025-05-11 17:29:48.288069;2025-05-11 17:29:48.288069;8007;romance;tipo_doc;;;35;19.8;romance
busqueda en db;success;2025-05-11 17:29:48.288069;2025-05-11 17:29:48.288069;8007;romance;tipo_doc;;;35;17.325;romance
busqueda en db;success;2025-05-11 17:29:48.288069;2025-05-11 17:29:48.288069;8007;romance;tipo_doc;;;35;16.5;romance
busqueda en db;success;2025-05-11 17:29:48.289076;2025-05-11 17:29:48.289076;8007;romance;tipo_doc;;;35;16.912;romance
busqueda en db;success;2025-05-11 17:29:48.289076;2025-05-11 17:29:48.289076;8007;romance;tipo_doc;;;35;17.738;romance
mandar_resultados_a_master;success;2025-05-11 17:29:48.284630;2025-05-11 17:29:48.289076;8007;romance;tipo_doc;10;88;35;;
busqueda en db;success;2025-05-11 17:29:48.678810;2025-05-11 17:29:48.678810;8007;tecnologia;tipo_doc;;;35;19.8;tecnologia
busqueda en db;success;2025-05-11 17:29:48.679969;2025-05-11 17:29:48.679969;8007;tecnologia;tipo_doc;;;35;18.48;tecnologia
busqueda en db;success;2025-05-11 17:29:48.680381;2025-05-11 17:29:48.680381;8007;tecnologia;tipo_doc;;;35;21.12;tecnologia
busqueda en db;success;2025-05-11 17:29:48.680381;2025-05-11 17:29:48.680381;8007;tecnologia;tipo_doc;;;35;20.24;tecnologia
busqueda en db;success;2025-05-11 17:29:48.681467;2025-05-11 17:29:48.681467;8007;tecnologia;tipo_doc;;;35;19.36;tecnologia
busqueda en db;success;2025-05-11 17:29:48.682389;2025-05-11 17:29:48.682389;8007;tecnologia;tipo_doc;;;35;18.04;tecnologia
busqueda en db;success;2025-05-11 17:29:48.682389;2025-05-11 17:29:48.682389;8007;tecnologia;tipo_doc;;;35;18.92;tecnologia
busqueda en db;success;2025-05-11 17:29:48.683394;2025-05-11 17:29:48.683394;8007;tecnologia;tipo_doc;;;35;17.16;tecnologia
busqueda en db;success;2025-05-11 17:29:48.683394;2025-05-11 17:29:48.683394;8007;tecnologia;tipo_doc;;;35;17.6;tecnologia
busqueda en db;success;2025-05-11 17:29:48.684387;2025-05-11 17:29:48.684387;8007;tecnologia;tipo_doc;;;35;16.28;tecnologia
mandar_resultados_a_master;success;2025-05-11 17:29:48.678810;2025-05-11 17:29:48.685394;8007;tecnologia;tipo_doc;10;88;35;;
mandar_resultados_a_master;success;2025-05-11 17:30:14.060884;2025-05-11 17:30:14.061885;8007;redescubre tu proposito;titulo;0;56;57;;
disconect_from_master;success;2025-05-11 17:31:06.365863;2025-05-11 17:31:06.380751;8007;;;;;;;
